<?xml version="1.0" encoding="UTF-8" ?>
<testsuite errors="0" failures="0" hostname="SamTheCEO" name="expressivo.grader.ExpressionTest" skipped="0" tests="27" time="0.727" timestamp="2017-03-21T08:11:32">
  <properties>
    <property name="java.vendor" value="Oracle Corporation" />
    <property name="sun.java.launcher" value="SUN_STANDARD" />
    <property name="sun.management.compiler" value="HotSpot 64-Bit Tiered Compilers" />
    <property name="build.sysclasspath" value="ignore" />
    <property name="os.name" value="Windows 10" />
    <property name="sun.boot.class.path" value="C:\Program Files\Java\jdk1.8.0_91\jre\lib\resources.jar;C:\Program Files\Java\jdk1.8.0_91\jre\lib\rt.jar;C:\Program Files\Java\jdk1.8.0_91\jre\lib\sunrsasign.jar;C:\Program Files\Java\jdk1.8.0_91\jre\lib\jsse.jar;C:\Program Files\Java\jdk1.8.0_91\jre\lib\jce.jar;C:\Program Files\Java\jdk1.8.0_91\jre\lib\charsets.jar;C:\Program Files\Java\jdk1.8.0_91\jre\lib\jfr.jar;C:\Program Files\Java\jdk1.8.0_91\jre\classes" />
    <property name="sun.desktop" value="windows" />
    <property name="final.grading" value="true" />
    <property name="java.vm.specification.vendor" value="Oracle Corporation" />
    <property name="ant.home" value="C:\Users\Sam\.p2\pool\plugins\org.apache.ant_1.9.6.v201510161327" />
    <property name="java.runtime.version" value="1.8.0_91-b14" />
    <property name="user.name" value="Sam Chang (local)" />
    <property name="ant.build.javac.target" value="1.8" />
    <property name="user.language" value="en" />
    <property name="sun.boot.library.path" value="C:\Program Files\Java\jdk1.8.0_91\jre\bin" />
    <property name="grader.report.file" value="my-grader-report.xml" />
    <property name="ant.project.default-target" value="all" />
    <property name="java.version" value="1.8.0_91" />
    <property name="user.timezone" value="" />
    <property name="sun.arch.data.model" value="64" />
    <property name="java.endorsed.dirs" value="C:\Program Files\Java\jdk1.8.0_91\jre\lib\endorsed" />
    <property name="sun.cpu.isalist" value="amd64" />
    <property name="sun.jnu.encoding" value="MS950" />
    <property name="file.encoding.pkg" value="sun.io" />
    <property name="file.separator" value="\" />
    <property name="java.specification.name" value="Java Platform API Specification" />
    <property name="java.class.version" value="52.0" />
    <property name="user.country" value="US" />
    <property name="java.home" value="C:\Program Files\Java\jdk1.8.0_91\jre" />
    <property name="java.vm.info" value="mixed mode" />
    <property name="ant.file" value="C:\Users\Sam\workspace\ps1-expressivo\grader.xml" />
    <property name="os.version" value="10.0" />
    <property name="final.grader.jar" value="ps1-final-grader.jar" />
    <property name="path.separator" value=";" />
    <property name="java.vm.version" value="25.91-b14" />
    <property name="user.variant" value="" />
    <property name="ant.library.dir" value="C:\Users\Sam\.p2\pool\plugins\org.apache.ant_1.9.6.v201510161327\lib" />
    <property name="java.awt.printerjob" value="sun.awt.windows.WPrinterJob" />
    <property name="sun.io.unicode.encoding" value="UnicodeLittle" />
    <property name="awt.toolkit" value="sun.awt.windows.WToolkit" />
    <property name="user.script" value="" />
    <property name="user.home" value="C:\Users\Sam" />
    <property name="java.specification.vendor" value="Oracle Corporation" />
    <property name="which.tests.ran" value="BETA + FINAL" />
    <property name="java.library.path" value="C:\Program Files\Java\jdk1.8.0_91\jre\bin;C:\WINDOWS\Sun\Java\bin;C:\WINDOWS\system32;C:\WINDOWS;C:/Program Files/Java/jre1.8.0_121/bin/server;C:/Program Files/Java/jre1.8.0_121/bin;C:/Program Files/Java/jre1.8.0_121/lib/amd64;C:\ProgramData\Oracle\Java\javapath;c:\program files\java\jdk1.8.0_91\bin;C:\Program Files (x86)\Intel\iCLS Client\;C:\Program Files\Intel\iCLS Client\;C:\Windows\system32;C:\Windows;C:\Windows\System32\Wbem;C:\Windows\System32\WindowsPowerShell\v1.0\;C:\Program Files\Hewlett-Packard\SimplePass\;C:\Program Files (x86)\NVIDIA Corporation\PhysX\Common;c:\Program Files\Intel\WiFi\bin\;c:\Program Files\Common Files\Intel\WirelessCommon\;C:\WINDOWS\system32;C:\WINDOWS;C:\WINDOWS\System32\Wbem;C:\WINDOWS\System32\WindowsPowerShell\v1.0\;C:\Program Files (x86)\Skype\Phone\;C:\Program Files (x86)\Windows Live\Shared;C:\Program Files (x86)\Intel\Intel(R) Management Engine Components\DAL;C:\Program Files\Intel\Intel(R) Management Engine Components\DAL;C:\Program Files (x86)\Intel\Intel(R) Management Engine Components\IPT;C:\Program Files\Intel\Intel(R) Management Engine Components\IPT;c:\Program Files\Intel\WiFi\bin\;c:\Program Files\Common Files\Intel\WirelessCommon\;%USERPROFILE%\AppData\Local\Microsoft\WindowsApps;;C:\WINDOWS\system32;;." />
    <property name="java.vendor.url" value="http://java.oracle.com/" />
    <property name="java.vm.vendor" value="Oracle Corporation" />
    <property name="java.runtime.name" value="Java(TM) SE Runtime Environment" />
    <property name="beta.grader.jar" value="ps1-beta-grader.jar" />
    <property name="sun.java.command" value="org.apache.tools.ant.taskdefs.optional.junit.JUnitTestRunner expressivo.grader.ExpressionTest skipNonTests=false filtertrace=true haltOnError=false haltOnFailure=false showoutput=false outputtoformatters=true logfailedtests=true threadid=0 logtestlistenerevents=false formatter=org.apache.tools.ant.taskdefs.optional.junit.XMLJUnitResultFormatter,C:\Users\Sam\workspace\ps1-expressivo\.grader\TEST-expressivo.grader.ExpressionTest.xml crashfile=C:\Users\Sam\workspace\ps1-expressivo\.grader\junitvmwatcher2364273058909653384.properties propsfile=C:\Users\Sam\workspace\ps1-expressivo\.grader\junit6810680114913537622.properties" />
    <property name="java.class.path" value="C:\Users\Sam\workspace\ps1-expressivo\lib\junit-4.12.jar;C:\Users\Sam\workspace\ps1-expressivo\lib\hamcrest-core-1.3.jar;C:\Users\Sam\workspace\ps1-expressivo\lib\parserlib.jar;C:\Users\Sam\workspace\ps1-expressivo\.grader\bin-tests-final;C:\Users\Sam\workspace\ps1-expressivo\.grader\bin-student;C:\Users\Sam\.p2\pool\plugins\org.apache.ant_1.9.6.v201510161327\lib\ant-launcher.jar;C:\Users\Sam\.p2\pool\plugins\org.apache.ant_1.9.6.v201510161327\lib\ant.jar;C:\Users\Sam\.p2\pool\plugins\org.apache.ant_1.9.6.v201510161327\lib\ant-junit.jar;C:\Users\Sam\.p2\pool\plugins\org.apache.ant_1.9.6.v201510161327\lib\ant-junit4.jar" />
    <property name="ant.version" value="Apache Ant(TM) version 1.9.6 compiled on June 29 2015" />
    <property name="project.name" value="ps1-expressivo" />
    <property name="java.vm.specification.name" value="Java Virtual Machine Specification" />
    <property name="java.vm.specification.version" value="1.8" />
    <property name="sun.cpu.endian" value="little" />
    <property name="didit.desc" value="Running our tests against your implementation" />
    <property name="sun.os.patch.level" value="" />
    <property name="java.io.tmpdir" value="C:\Users\Sam\AppData\Local\Temp\" />
    <property name="java.vendor.url.bug" value="http://bugreport.sun.com/bugreport/" />
    <property name="os.arch" value="amd64" />
    <property name="java.awt.graphicsenv" value="sun.awt.Win32GraphicsEnvironment" />
    <property name="java.ext.dirs" value="C:\Program Files\Java\jdk1.8.0_91\jre\lib\ext;C:\WINDOWS\Sun\Java\lib\ext" />
    <property name="user.dir" value="C:\Users\Sam\workspace\ps1-expressivo" />
    <property name="line.separator" value="&#xd;&#xa;" />
    <property name="zipfile" value="my-submission.zip" />
    <property name="java.vm.name" value="Java HotSpot(TM) 64-Bit Server VM" />
    <property name="problem.set" value="ps1" />
    <property name="basedir" value="C:\Users\Sam\workspace\ps1-expressivo" />
    <property name="ant.java.version" value="1.8" />
    <property name="ant.core.lib" value="C:\Users\Sam\.p2\pool\plugins\org.apache.ant_1.9.6.v201510161327\lib\ant.jar" />
    <property name="file.encoding" value="MS950" />
    <property name="java.specification.version" value="1.8" />
    <property name="grader.dir" value=".grader" />
    <property name="ant.project.invoked-targets" value="all" />
  </properties>
  <testcase classname="expressivo.grader.ExpressionTest" name="testHashCode[same one variable]" time="0.096" />
  <testcase classname="expressivo.grader.ExpressionTest" name="testEquals[same one variable]" time="0.037" />
  <testcase classname="expressivo.grader.ExpressionTest" name="testToStringConsistent[same one variable]" time="0.045" />
  <testcase classname="expressivo.grader.ExpressionTest" name="testHashCode[same one operator]" time="0.038" />
  <testcase classname="expressivo.grader.ExpressionTest" name="testEquals[same one operator]" time="0.028" />
  <testcase classname="expressivo.grader.ExpressionTest" name="testToStringConsistent[same one operator]" time="0.011" />
  <testcase classname="expressivo.grader.ExpressionTest" name="testHashCode[same expression with numbers/variables/operators]" time="0.016" />
  <testcase classname="expressivo.grader.ExpressionTest" name="testEquals[same expression with numbers/variables/operators]" time="0.015" />
  <testcase classname="expressivo.grader.ExpressionTest" name="testToStringConsistent[same expression with numbers/variables/operators]" time="0.017" />
  <testcase classname="expressivo.grader.ExpressionTest" name="testHashCode[var and same var parenthesized]" time="0.017" />
  <testcase classname="expressivo.grader.ExpressionTest" name="testEquals[var and same var parenthesized]" time="0.013" />
  <testcase classname="expressivo.grader.ExpressionTest" name="testToStringConsistent[var and same var parenthesized]" time="0.009" />
  <testcase classname="expressivo.grader.ExpressionTest" name="testHashCode[one operator and same operator parenthesized]" time="0.013" />
  <testcase classname="expressivo.grader.ExpressionTest" name="testEquals[one operator and same operator parenthesized]" time="0.021" />
  <testcase classname="expressivo.grader.ExpressionTest" name="testToStringConsistent[one operator and same operator parenthesized]" time="0.019" />
  <testcase classname="expressivo.grader.ExpressionTest" name="testHashCode[* + * same as (*)+(*)]" time="0.013" />
  <testcase classname="expressivo.grader.ExpressionTest" name="testEquals[* + * same as (*)+(*)]" time="0.013" />
  <testcase classname="expressivo.grader.ExpressionTest" name="testToStringConsistent[* + * same as (*)+(*)]" time="0.013" />
  <testcase classname="expressivo.grader.ExpressionTest" name="testHashCode[((*)+)* different from * + *]" time="0.012" />
  <testcase classname="expressivo.grader.ExpressionTest" name="testEquals[((*)+)* different from * + *]" time="0.012" />
  <testcase classname="expressivo.grader.ExpressionTest" name="testToStringConsistent[((*)+)* different from * + *]" time="0.015" />
  <testcase classname="expressivo.grader.ExpressionTest" name="testHashCode[+ not commutative under structual equality]" time="0.01" />
  <testcase classname="expressivo.grader.ExpressionTest" name="testEquals[+ not commutative under structual equality]" time="0.016" />
  <testcase classname="expressivo.grader.ExpressionTest" name="testToStringConsistent[+ not commutative under structual equality]" time="0.01" />
  <testcase classname="expressivo.grader.ExpressionTest" name="testHashCode[* not commutative under structual equality]" time="0.011" />
  <testcase classname="expressivo.grader.ExpressionTest" name="testEquals[* not commutative under structual equality]" time="0.018" />
  <testcase classname="expressivo.grader.ExpressionTest" name="testToStringConsistent[* not commutative under structual equality]" time="0.016" />
  <system-out><![CDATA[]]></system-out>
  <system-err><![CDATA[]]></system-err>
</testsuite>
